2025-11-16 06:34:01, MOVE, v:1, k:poo@budega, mode:PICK
2025-11-16 06:36:35, MOVE, v:1, k:poo@budega, mode:PICK
2025-11-16 06:36:37, EXEC, v:1, k:poo@budega, mode:FULL, rate:0
2025-11-16 06:48:40, EXEC, v:1, k:poo@budega, mode:FULL, rate:0, size:45
2025-11-16 06:56:32, EXEC, v:1, k:poo@budega, mode:FULL, rate:0, size:68
2025-11-16 06:59:05, EXEC, v:1, k:poo@budega, mode:FULL, rate:0, size:87
2025-11-16 07:01:31, EXEC, v:1, k:poo@budega, mode:FULL, rate:0, size:91
2025-11-16 07:02:30, EXEC, v:1, k:poo@budega, mode:FULL, rate:0, size:91
2025-11-16 07:03:33, EXEC, v:1, k:poo@budega, mode:FULL, rate:0, size:91
2025-11-16 07:05:15, EXEC, v:1, k:poo@budega, mode:FULL, rate:0, size:82
2025-11-16 07:06:10, EXEC, v:1, k:poo@budega, mode:FULL, rate:0, size:91
2025-11-16 07:07:22, EXEC, v:1, k:poo@budega, mode:FULL, rate:100, size:92
2025-11-16 07:07:35, MOVE, v:1, k:poo@budega, mode:BACK
2025-11-16 07:09:36, SELF, v:1, k:poo@budega, rate:100, human:sim, iagen:nao, guide:instrusoes, other:nao, alone:9, study:150
2025-11-16 07:09:46, SELF, v:1, k:poo@budega, rate:100, human:sim, iagen:nao, guide:instrusoes, other:nao, alone:10, study:150
2025-11-16 07:09:52, MOVE, v:1, k:poo@array, mode:PICK
2025-11-16 07:22:57, EXEC, v:1, k:poo@array, mode:LOCK, rate:100, size:20
2025-11-16 07:23:12, EXEC, v:1, k:poo@array, mode:LOCK, rate:100
2025-11-16 07:23:12, EXEC, v:1, k:poo@array, mode:LOCK, rate:100
2025-11-16 07:40:26, EXEC, v:1, k:poo@array, mode:LOCK, rate:100, size:28
2025-11-16 07:40:29, EXEC, v:1, k:poo@array, mode:LOCK, rate:100
2025-11-16 07:40:32, MOVE, v:1, k:poo@array, mode:BACK
2025-11-16 07:48:09, MOVE, v:1, k:poo@array, mode:PICK
2025-11-16 07:48:10, EXEC, v:1, k:poo@array, mode:LOCK, rate:100
2025-11-16 07:48:12, MOVE, v:1, k:poo@array, mode:BACK
2025-11-16 07:48:15, MOVE, v:1, k:poo@array, mode:PICK
2025-11-16 07:48:19, EXEC, v:1, k:poo@array, mode:LOCK, rate:100
2025-11-16 08:00:49, EXEC, v:1, k:poo@array, mode:LOCK, rate:100
2025-11-16 08:00:52, EXEC, v:1, k:poo@array, mode:LOCK, rate:100
2025-11-16 08:00:55, MOVE, v:1, k:poo@array, mode:BACK
2025-11-16 16:10:07, MOVE, v:1, k:poo@array, mode:PICK
2025-11-16 16:10:08, EXEC, v:1, k:poo@array, mode:LOCK, rate:100
2025-11-16 16:10:10, EXEC, v:1, k:poo@array, mode:LOCK, rate:100
2025-11-16 17:12:05, MOVE, v:1, k:poo@array, mode:PICK
2025-11-16 17:12:06, EXEC, v:1, k:poo@array, mode:LOCK, rate:100
2025-11-16 17:12:08, MOVE, v:1, k:poo@array, mode:BACK
