2025-11-19 02:00:53, MOVE, v:1, k:poo@lapiseira, mode:DOWN
2025-11-19 02:00:56, MOVE, v:1, k:poo@lapiseira, mode:PICK
2025-11-19 02:07:53, EXEC, v:1, k:poo@lapiseira, mode:FULL, rate:0, size:6
2025-11-19 02:33:21, EXEC, v:1, k:poo@lapiseira, mode:FULL, rate:0, size:6
2025-11-19 03:02:02, EXEC, v:1, k:poo@lapiseira, mode:FULL, rate:0, size:18
2025-11-19 03:09:16, EXEC, v:1, k:poo@lapiseira, mode:FULL, rate:0, size:25
2025-11-19 03:24:58, EXEC, v:1, k:poo@lapiseira, mode:FULL, rate:0, size:26
2025-11-19 04:56:22, EXEC, v:1, k:poo@lapiseira, mode:FULL, rate:0, size:66
2025-11-19 04:57:38, MOVE, v:1, k:poo@lapiseira, mode:BACK
2025-11-19 04:59:27, MOVE, v:1, k:poo@lapiseira, mode:PICK
2025-11-19 04:59:36, EXEC, v:1, k:poo@lapiseira, mode:FULL, rate:0, size:74
2025-11-19 05:01:32, EXEC, v:1, k:poo@lapiseira, mode:FULL, rate:0
2025-11-19 05:01:37, MOVE, v:1, k:poo@lapiseira, mode:BACK
2025-11-19 05:01:46, MOVE, v:1, k:poo@lapiseira, mode:PICK
2025-11-19 05:15:08, EXEC, v:1, k:poo@lapiseira, mode:FULL, rate:0, size:84
2025-11-19 05:18:30, EXEC, v:1, k:poo@lapiseira, mode:FULL, rate:0, size:90
2025-11-19 05:20:03, EXEC, v:1, k:poo@lapiseira, mode:FULL, rate:0, size:97
2025-11-19 05:20:40, EXEC, v:1, k:poo@lapiseira, mode:FULL, rate:0, size:98
2025-11-19 05:20:54, EXEC, v:1, k:poo@lapiseira, mode:FULL, rate:14, size:98
2025-11-19 05:21:22, EXEC, v:1, k:poo@lapiseira, mode:FULL, rate:14, size:98
2025-11-19 05:21:33, EXEC, v:1, k:poo@lapiseira, mode:FULL, rate:14, size:98
2025-11-19 05:21:47, EXEC, v:1, k:poo@lapiseira, mode:FULL, rate:14, size:98
2025-11-19 05:22:59, EXEC, v:1, k:poo@lapiseira, mode:FULL, rate:14, size:98
2025-11-19 05:27:00, EXEC, v:1, k:poo@lapiseira, mode:FULL, rate:14, size:98
2025-11-19 05:29:08, EXEC, v:1, k:poo@lapiseira, mode:FULL, rate:14
2025-11-19 05:29:51, EXEC, v:1, k:poo@lapiseira, mode:FULL, rate:71, size:98
2025-11-19 05:31:52, EXEC, v:1, k:poo@lapiseira, mode:FULL, rate:71
2025-11-19 05:32:04, EXEC, v:1, k:poo@lapiseira, mode:FULL, rate:71
2025-11-19 05:32:14, EXEC, v:1, k:poo@lapiseira, mode:FULL, rate:71, size:98
2025-11-19 05:33:03, EXEC, v:1, k:poo@lapiseira, mode:FULL, rate:71, size:98
2025-11-19 05:36:03, EXEC, v:1, k:poo@lapiseira, mode:FULL, rate:71, size:98
2025-11-19 05:36:37, EXEC, v:1, k:poo@lapiseira, mode:FULL, rate:71, size:98
2025-11-19 05:37:05, EXEC, v:1, k:poo@lapiseira, mode:FULL, rate:71, size:98
2025-11-19 05:37:25, EXEC, v:1, k:poo@lapiseira, mode:FULL, rate:71, size:98
2025-11-19 05:38:26, EXEC, v:1, k:poo@lapiseira, mode:FULL, rate:71, size:98
2025-11-19 05:46:22, EXEC, v:1, k:poo@lapiseira, mode:FULL, rate:71
2025-11-19 05:46:26, MOVE, v:1, k:poo@lapiseira, mode:BACK
2025-11-19 05:46:45, MOVE, v:1, k:poo@lapiseira, mode:PICK
2025-11-19 05:47:15, EXEC, v:1, k:poo@lapiseira, mode:FULL, rate:71
2025-11-19 05:47:35, MOVE, v:1, k:poo@lapiseira, mode:BACK
2025-11-19 05:49:13, SELF, v:1, k:poo@lapiseira, rate:71, human:monitor, iagen:nao, guide:nao, other:nao, alone:10, study:200
2025-11-19 05:49:22, MOVE, v:1, k:poo@cinema, mode:DOWN
2025-11-19 05:49:24, MOVE, v:1, k:poo@cinema, mode:PICK
2025-11-19 05:55:49, EXEC, v:1, k:poo@cinema, mode:FULL, rate:0, size:14
2025-11-19 06:01:47, EXEC, v:1, k:poo@cinema, mode:FULL, rate:0, size:22
2025-11-19 06:01:48, MOVE, v:1, k:poo@cinema, mode:BACK
2025-11-19 14:13:48, MOVE, v:1, k:poo@array, mode:PICK
2025-11-19 14:14:01, EXEC, v:1, k:poo@array, mode:LOCK, rate:0, size:87
2025-11-19 14:14:08, EXEC, v:1, k:poo@array, mode:FREE
2025-11-19 14:14:51, MOVE, v:1, k:poo@array, mode:BACK
2025-11-19 14:14:54, MOVE, v:1, k:poo@lapiseira, mode:PICK
2025-11-19 14:15:02, EXEC, v:1, k:poo@lapiseira, mode:FULL, rate:71
2025-11-19 14:16:22, EXEC, v:1, k:poo@lapiseira, mode:FULL, rate:71, size:99
2025-11-19 14:17:50, EXEC, v:1, k:poo@lapiseira, mode:FULL, rate:100, size:99
2025-11-19 14:18:46, MOVE, v:1, k:poo@lapiseira, mode:BACK
2025-11-19 14:18:59, SELF, v:1, k:poo@lapiseira, rate:100, human:monitor, iagen:nao, guide:nao, other:nao, alone:10, study:200
2025-11-19 14:19:08, MOVE, v:1, k:poo@cinema, mode:PICK
2025-11-19 14:19:30, EXEC, v:1, k:poo@cinema, mode:FULL, rate:0, size:23
2025-11-19 14:34:58, EXEC, v:1, k:poo@cinema, mode:FULL, rate:0, size:31
2025-11-19 14:41:38, EXEC, v:1, k:poo@cinema, mode:FULL, rate:0, size:41
2025-11-19 14:41:41, MOVE, v:1, k:poo@cinema, mode:BACK
2025-11-19 14:41:56, MOVE, v:1, k:poo@cinema, mode:PICK
2025-11-19 14:41:58, EXEC, v:1, k:poo@cinema, mode:FULL, rate:0
2025-11-19 14:43:49, EXEC, v:1, k:poo@cinema, mode:FULL, rate:0
2025-11-19 14:43:50, MOVE, v:1, k:poo@cinema, mode:BACK
2025-11-19 14:44:23, MOVE, v:1, k:poo@cinema, mode:PICK
2025-11-19 14:44:24, EXEC, v:1, k:poo@cinema, mode:FULL, rate:0
2025-11-19 14:44:31, MOVE, v:1, k:poo@cinema, mode:BACK
2025-11-19 14:44:34, MOVE, v:1, k:poo@cinema, mode:PICK
2025-11-19 14:47:44, EXEC, v:1, k:poo@cinema, mode:FULL, rate:0, size:40
2025-11-19 14:47:47, MOVE, v:1, k:poo@cinema, mode:BACK
2025-11-19 15:39:29, MOVE, v:1, k:poo@cinema, mode:PICK
2025-11-19 15:39:31, EXEC, v:1, k:poo@cinema, mode:FULL, rate:0
2025-11-19 15:49:40, EXEC, v:1, k:poo@cinema, mode:FULL, rate:0
2025-11-19 15:49:44, MOVE, v:1, k:poo@cinema, mode:BACK
2025-11-19 15:49:59, MOVE, v:1, k:poo@cinema, mode:PICK
2025-11-19 15:54:08, EXEC, v:1, k:poo@cinema, mode:FULL, rate:0, size:41
2025-11-19 16:05:12, EXEC, v:1, k:poo@cinema, mode:FULL, rate:0, size:39
2025-11-19 16:12:01, EXEC, v:1, k:poo@cinema, mode:FULL, rate:0, size:47
2025-11-19 16:20:09, EXEC, v:1, k:poo@cinema, mode:FULL, rate:0, size:66
2025-11-19 16:20:20, EXEC, v:1, k:poo@cinema, mode:FULL, rate:0, size:66
2025-11-19 16:20:34, EXEC, v:1, k:poo@cinema, mode:FULL, rate:0, size:66
2025-11-19 16:20:57, EXEC, v:1, k:poo@cinema, mode:FULL, rate:0, size:66
2025-11-19 16:27:52, EXEC, v:1, k:poo@cinema, mode:FULL, rate:100, size:66
2025-11-19 16:27:57, EXEC, v:1, k:poo@cinema, mode:FULL, rate:100
2025-11-19 16:28:00, MOVE, v:1, k:poo@cinema, mode:BACK
2025-11-19 16:29:01, SELF, v:1, k:poo@cinema, rate:100, human:monitor, iagen:nao, guide:aula, other:material_de_estudo, alone:10, study:120
2025-11-19 16:29:28, SELF, v:1, k:poo@array, rate:100, alone:10
2025-11-19 16:30:15, MOVE, v:1, k:poo@pula-pula, mode:DOWN
2025-11-19 16:30:17, MOVE, v:1, k:poo@pula-pula, mode:PICK
2025-11-19 16:31:13, MOVE, v:1, k:poo@pula-pula, mode:BACK
2025-11-19 16:31:36, MOVE, v:1, k:poo@pula-pula, mode:PICK
2025-11-19 16:36:33, EXEC, v:1, k:poo@pula-pula, mode:FULL, rate:0, size:14
2025-11-19 17:25:36, EXEC, v:1, k:poo@pula-pula, mode:FULL, rate:0, size:26
2025-11-19 17:25:40, MOVE, v:1, k:poo@pula-pula, mode:BACK
2025-11-19 17:25:43, MOVE, v:1, k:poo@pula-pula, mode:PICK
2025-11-19 17:25:45, EXEC, v:1, k:poo@pula-pula, mode:FULL, rate:0
2025-11-19 17:34:19, EXEC, v:1, k:poo@pula-pula, mode:FULL, rate:0, size:31
2025-11-19 17:41:38, EXEC, v:1, k:poo@pula-pula, mode:FULL, rate:0, size:32
2025-11-19 17:41:43, MOVE, v:1, k:poo@pula-pula, mode:BACK
2025-11-19 17:42:02, MOVE, v:1, k:poo@pula-pula, mode:PICK
2025-11-19 17:42:03, EXEC, v:1, k:poo@pula-pula, mode:FULL, rate:0
2025-11-19 17:51:22, EXEC, v:1, k:poo@pula-pula, mode:FULL, rate:0, size:33
2025-11-19 17:51:23, MOVE, v:1, k:poo@pula-pula, mode:BACK
2025-11-19 17:51:26, MOVE, v:1, k:poo@pula-pula, mode:PICK
